Base path: C:/Program Files (x86)/Unity/Editor/Data
Pipe name: \\.\pipe\UnityShaderCompiler-1-1128
Cmd: getPlatforms
Cmd: compileSnippet
  api=1 type=0 insize=2934 outsize=437 kw= ok=1
Cmd: compileSnippet
  api=0 type=1 insize=2934 outsize=725 kw= ok=1
Cmd: compileSnippet
  api=8 type=0 insize=2925 outsize=3063 kw= ok=1
Cmd: compileSnippet
  api=8 type=1 insize=2925 outsize=2535 kw= ok=1
Cmd: compileSnippet
  api=1 type=0 insize=2924 outsize=437 kw= ok=1
Cmd: compileSnippet
  api=1 type=0 insize=1059 outsize=271 kw= ok=1
Cmd: compileSnippet
  api=1 type=0 insize=11209 outsize=156 kw= ok=1
Cmd: compileSnippet
  api=1 type=0 insize=11201 outsize=156 kw= ok=1
Cmd: compileSnippet
  api=1 type=0 insize=11225 outsize=156 kw= ok=1
Cmd: compileSnippet
  api=1 type=1 insize=11211 outsize=2014 kw= ok=1
Cmd: compileSnippet
  api=1 type=0 insize=11217 outsize=156 kw= ok=1
