Base path: C:/Program Files (x86)/Unity/Editor/Data
Pipe name: \\.\pipe\UnityShaderCompiler-6-6592
Cmd: getPlatforms
Cmd: compileSnippet
  api=0 type=0 insize=2925 outsize=521 kw= ok=1
Cmd: compileSnippet
  api=8 type=0 insize=2924 outsize=3063 kw= ok=1
Cmd: compileSnippet
  api=1 type=0 insize=2936 outsize=437 kw= ok=1
Cmd: compileSnippet
  api=0 type=0 insize=11209 outsize=1186 kw= ok=1
Cmd: compileSnippet
  api=1 type=1 insize=11201 outsize=142 kw= ok=1
Cmd: compileSnippet
  api=1 type=1 insize=11209 outsize=781 kw= ok=1
Cmd: compileSnippet
  api=0 type=1 insize=11212 outsize=6 kw= ok=1
Cmd: compileSnippet
  api=0 type=0 insize=11217 outsize=4118 kw= ok=1
Unhandled exception: Readfile from pipe failed. GLE=Ha terminado la canalización.


Quitting shader compiler process
