Base path: C:/Program Files (x86)/Unity/Editor/Data
Pipe name: \\.\pipe\UnityShaderCompiler-5-6640
Cmd: getPlatforms
Cmd: compileSnippet
  api=8 type=1 insize=2934 outsize=3470 kw= ok=1
Cmd: compileSnippet
  api=0 type=1 insize=2925 outsize=505 kw= ok=1
Cmd: compileSnippet
  api=8 type=1 insize=2924 outsize=2608 kw= ok=1
Cmd: compileSnippet
  api=0 type=1 insize=2936 outsize=705 kw= ok=1
Cmd: compileSnippet
  api=0 type=1 insize=1059 outsize=6 kw= ok=1
Cmd: compileSnippet
  api=0 type=1 insize=11209 outsize=6 kw= ok=1
Cmd: compileSnippet
  api=0 type=1 insize=11201 outsize=6 kw= ok=1
Cmd: compileSnippet
  api=0 type=1 insize=11209 outsize=6 kw= ok=1
Cmd: compileSnippet
  api=0 type=1 insize=11215 outsize=6 kw= ok=1
Cmd: compileSnippet
  api=1 type=1 insize=11225 outsize=2025 kw= ok=1
Cmd: compileSnippet
  api=1 type=1 insize=11217 outsize=12861 kw= ok=1
Unhandled exception: Readfile from pipe failed. GLE=Ha terminado la canalización.


Quitting shader compiler process
