Base path: C:/Program Files (x86)/Unity/Editor/Data
Pipe name: \\.\pipe\UnityShaderCompiler-2-6904
Cmd: getPlatforms
Cmd: compileSnippet
  api=8 type=0 insize=2934 outsize=3063 kw= ok=1
Cmd: compileSnippet
  api=1 type=1 insize=2925 outsize=336 kw= ok=1
Cmd: compileSnippet
  api=1 type=1 insize=2924 outsize=391 kw= ok=1
Cmd: compileSnippet
  api=8 type=0 insize=2936 outsize=3063 kw= ok=1
Cmd: compileSnippet
  api=0 type=0 insize=1059 outsize=933 kw= ok=1
Cmd: compileSnippet
  api=0 type=0 insize=11209 outsize=1615 kw= ok=1
Cmd: compileSnippet
  api=0 type=0 insize=11215 outsize=3619 kw= ok=1
Cmd: compileSnippet
  api=0 type=1 insize=11225 outsize=6 kw= ok=1
Cmd: compileSnippet
  api=1 type=1 insize=11212 outsize=896 kw= ok=1
Cmd: compileSnippet
  api=0 type=1 insize=11211 outsize=6 kw= ok=1
Unhandled exception: Readfile from pipe failed. GLE=Ha terminado la canalización.


Quitting shader compiler process
